<?xml version="1.0" encoding="UTF-8"?>
<!-- Generated by org.testng.reporters.JUnitXMLReporter -->
<testsuite ignored="0" hostname="Aryan" failures="0" tests="3" name="MyTests" time="4.121" errors="0" timestamp="2025-03-05T15:00:24 IST">
  <testcase classname="com.aryan.DatabaseConnectionTest" name="testDatabaseConnection" time="0.935"/>
  <testcase classname="com.aryan.SignupServletTest" name="testSignup" time="2.794"/>
  <testcase classname="com.aryan.LoginServletTest" name="testLoginSuccess" time="0.309"/>
</testsuite> <!-- MyTests -->
